Log file open, 03/02/20 12:56:49
LogWindows: Failed to load 'aqProf.dll' (GetLastError=126)
LogWindows: File 'aqProf.dll' does not exist
LogWindows: Failed to load 'VtuneApi.dll' (GetLastError=126)
LogWindows: File 'VtuneApi.dll' does not exist
LogWindows: Failed to load 'VtuneApi32e.dll' (GetLastError=126)
LogWindows: File 'VtuneApi32e.dll' does not exist
LogConsoleResponse: Display: Failed to find resolution value strings in scalability ini. Falling back to default.
LogInit: Display: Running engine for game: TjillevippenTheory2
LogPlatformFile: Not using cached read wrapper
LogTaskGraph: Started task graph with 5 named threads and 14 total threads with 3 sets of task threads.
LogStats: Stats thread started at 0.145830
LogD3D11RHI: Loaded GFSDK_Aftermath_Lib.x64.dll
LogICUInternationalization: ICU TimeZone Detection - Raw Offset: +1:00, Platform Override: ''
LogPluginManager: Mounting plugin Paper2D
LogPluginManager: Mounting plugin AISupport
LogPluginManager: Mounting plugin LightPropagationVolume
LogPluginManager: Mounting plugin ActorLayerUtilities
LogPluginManager: Mounting plugin AnimationSharing
LogPluginManager: Mounting plugin CLionSourceCodeAccess
LogPluginManager: Mounting plugin CodeLiteSourceCodeAccess
LogPluginManager: Mounting plugin GitSourceControl
LogPluginManager: Mounting plugin KDevelopSourceCodeAccess
LogPluginManager: Mounting plugin NullSourceCodeAccess
LogPluginManager: Mounting plugin PerforceSourceControl
LogPluginManager: Mounting plugin PlasticSourceControl
LogPluginManager: Mounting plugin SubversionSourceControl
LogPluginManager: Mounting plugin UObjectPlugin
LogPluginManager: Mounting plugin VisualStudioCodeSourceCodeAccess
LogPluginManager: Mounting plugin VisualStudioSourceCodeAccess
LogPluginManager: Mounting plugin XCodeSourceCodeAccess
LogPluginManager: Mounting plugin AssetManagerEditor
LogPluginManager: Mounting plugin CryptoKeys
LogPluginManager: Mounting plugin CurveEditorTools
LogPluginManager: Mounting plugin DataValidation
LogPluginManager: Mounting plugin FacialAnimation
LogPluginManager: Mounting plugin GameplayTagsEditor
LogPluginManager: Mounting plugin MacGraphicsSwitching
LogPluginManager: Mounting plugin MaterialAnalyzer
LogPluginManager: Mounting plugin MobileLauncherProfileWizard
LogPluginManager: Mounting plugin PluginBrowser
LogPluginManager: Mounting plugin SpeedTreeImporter
LogPluginManager: Mounting plugin DatasmithContent
LogPluginManager: Mounting plugin VariantManagerContent
LogPluginManager: Mounting plugin AlembicImporter
LogPluginManager: Mounting plugin AutomationUtils
LogPluginManager: Mounting plugin BackChannel
LogPluginManager: Mounting plugin CharacterAI
LogPluginManager: Mounting plugin GeometryCache
LogPluginManager: Mounting plugin PlatformCrypto
LogPluginManager: Mounting plugin ProxyLODPlugin
LogPluginManager: Mounting plugin SkeletalReduction
LogPluginManager: Mounting plugin MagicLeap
LogPluginManager: Mounting plugin MagicLeapMedia
LogPluginManager: Mounting plugin MLSDK
LogPluginManager: Mounting plugin AndroidMedia
LogPluginManager: Mounting plugin AvfMedia
LogPluginManager: Mounting plugin ImgMedia
LogPluginManager: Mounting plugin MediaCompositing
LogPluginManager: Mounting plugin MediaPlayerEditor
LogPluginManager: Mounting plugin WebMMedia
LogPluginManager: Mounting plugin WmfMedia
LogPluginManager: Mounting plugin TcpMessaging
LogPluginManager: Mounting plugin UdpMessaging
LogPluginManager: Mounting plugin ActorSequence
LogPluginManager: Mounting plugin LevelSequenceEditor
LogPluginManager: Mounting plugin MatineeToLevelSequence
LogPluginManager: Mounting plugin NetcodeUnitTest
LogPluginManager: Mounting plugin NUTUnrealEngine4
LogPluginManager: Mounting plugin OnlineSubsystemGooglePlay
LogPluginManager: Mounting plugin OnlineSubsystemIOS
LogPluginManager: Mounting plugin OnlineSubsystem
LogPluginManager: Mounting plugin OnlineSubsystemNull
LogPluginManager: Mounting plugin OnlineSubsystemUtils
LogPluginManager: Mounting plugin LauncherChunkInstaller
LogPluginManager: Mounting plugin AndroidDeviceProfileSelector
LogPluginManager: Mounting plugin AndroidMoviePlayer
LogPluginManager: Mounting plugin AndroidPermission
LogPluginManager: Mounting plugin AppleImageUtils
LogPluginManager: Mounting plugin AppleMoviePlayer
LogPluginManager: Mounting plugin ArchVisCharacter
LogPluginManager: Mounting plugin AssetTags
LogPluginManager: Mounting plugin AudioCapture
LogPluginManager: Mounting plugin CableComponent
LogPluginManager: Mounting plugin CustomMeshComponent
LogPluginManager: Mounting plugin EditableMesh
LogPluginManager: Mounting plugin ExampleDeviceProfileSelector
LogPluginManager: Mounting plugin GoogleCloudMessaging
LogPluginManager: Mounting plugin IOSDeviceProfileSelector
LogPluginManager: Mounting plugin LinuxDeviceProfileSelector
LogPluginManager: Mounting plugin LocationServicesBPLibrary
LogPluginManager: Mounting plugin MobilePatchingUtils
LogPluginManager: Mounting plugin OculusVR
LogPluginManager: Mounting plugin PhysXVehicles
LogPluginManager: Mounting plugin PostSplashScreen
LogPluginManager: Mounting plugin ProceduralMeshComponent
LogPluginManager: Mounting plugin RuntimePhysXCooking
LogPluginManager: Mounting plugin SignificanceManager
LogPluginManager: Mounting plugin SteamVR
LogPluginManager: Mounting plugin WebMMoviePlayer
LogPluginManager: Mounting plugin WindowsMoviePlayer
LogPluginManager: Mounting plugin ScreenshotTools
LogInit: Using libcurl 7.55.1-DEV
LogInit:  - built for x86_64-pc-win32
LogInit:  - supports SSL with OpenSSL/1.1.1
LogInit:  - supports HTTP deflate (compression) using libz 1.2.8
LogInit:  - other features:
LogInit:      CURL_VERSION_SSL
LogInit:      CURL_VERSION_LIBZ
LogInit:      CURL_VERSION_IPV6
LogInit:      CURL_VERSION_ASYNCHDNS
LogInit:      CURL_VERSION_LARGEFILE
LogInit:      CURL_VERSION_IDN
LogInit:  CurlRequestOptions (configurable via config and command line):
LogInit:  - bVerifyPeer = true  - Libcurl will verify peer certificate
LogInit:  - bUseHttpProxy = false  - Libcurl will NOT use HTTP proxy
LogInit:  - bDontReuseConnections = false  - Libcurl will reuse connections
LogInit:  - MaxHostConnections = 16  - Libcurl will limit the number of connections to a host
LogInit:  - LocalHostAddr = Default
LogInit:  - BufferSize = 65536
LogOnline: OSS: Creating online subsystem instance for: NULL
LogInit: WinSock: version 1.1 (2.2), MaxSocks=32767, MaxUdp=65467
LogOnline: OSS: TryLoadSubsystemAndSetDefault: Loaded subsystem for module [NULL]
LogInit: Build: ++UE4+Release-4.24-CL-11100242
LogInit: Engine Version: 4.24.2-11100242+++UE4+Release-4.24
LogInit: Compatible Engine Version: 4.24.0-10570792+++UE4+Release-4.24
LogInit: Net CL: 10570792
LogInit: OS: Windows 10 (Release 1909) (), CPU: Intel(R) Core(TM) i5-4690K CPU @ 3.50GHz, GPU: NVIDIA GeForce RTX 2060
LogInit: Compiled (64-bit): Jan 24 2020 02:05:53
LogInit: Compiled with Visual C++: 19.16.27032.01
LogInit: Build Configuration: Development
LogInit: Branch Name: ++UE4+Release-4.24
LogInit: Command Line: 
LogInit: Base Directory: C:/Program Files/Epic Games/UE_4.24/Engine/Binaries/Win64/
LogInit: Installed Engine Build: 1
LogDevObjectVersion: Number of dev versions registered: 25
LogDevObjectVersion:   Dev-Blueprints (B0D832E4-1F89-4F0D-ACCF-7EB736FD4AA2): 10
LogDevObjectVersion:   Dev-Build (E1C64328-A22C-4D53-A36C-8E866417BD8C): 0
LogDevObjectVersion:   Dev-Core (375EC13C-06E4-48FB-B500-84F0262A717E): 3
LogDevObjectVersion:   Dev-Editor (E4B068ED-F494-42E9-A231-DA0B2E46BB41): 37
LogDevObjectVersion:   Dev-Framework (CFFC743F-43B0-4480-9391-14DF171D2073): 36
LogDevObjectVersion:   Dev-Mobile (B02B49B5-BB20-44E9-A304-32B752E40360): 2
LogDevObjectVersion:   Dev-Networking (A4E4105C-59A1-49B5-A7C5-40C4547EDFEE): 0
LogDevObjectVersion:   Dev-Online (39C831C9-5AE6-47DC-9A44-9C173E1C8E7C): 0
LogDevObjectVersion:   Dev-Physics (78F01B33-EBEA-4F98-B9B4-84EACCB95AA2): 2
LogDevObjectVersion:   Dev-Platform (6631380F-2D4D-43E0-8009-CF276956A95A): 0
LogDevObjectVersion:   Dev-Rendering (12F88B9F-8875-4AFC-A67C-D90C383ABD29): 36
LogDevObjectVersion:   Dev-Sequencer (7B5AE74C-D270-4C10-A958-57980B212A5A): 11
LogDevObjectVersion:   Dev-VR (D7296918-1DD6-4BDD-9DE2-64A83CC13884): 2
LogDevObjectVersion:   Dev-LoadTimes (C2A15278-BFE7-4AFE-6C17-90FF531DF755): 1
LogDevObjectVersion:   Private-Geometry (6EACA3D4-40EC-4CC1-B786-8BED09428FC5): 3
LogDevObjectVersion:   Dev-AnimPhys (29E575DD-E0A3-4627-9D10-D276232CDCEA): 17
LogDevObjectVersion:   Dev-Anim (AF43A65D-7FD3-4947-9873-3E8ED9C1BB05): 2
LogDevObjectVersion:   Dev-ReflectionCapture (6B266CEC-1EC7-4B8F-A30B-E4D90942FC07): 1
LogDevObjectVersion:   Dev-Automation (0DF73D61-A23F-47EA-B727-89E90C41499A): 1
LogDevObjectVersion:   FortniteMain (601D1886-AC64-4F84-AA16-D3DE0DEAC7D6): 31
LogDevObjectVersion:   Dev-Enterprise (9DFFBCD6-494F-0158-E221-12823C92A888): 8
LogDevObjectVersion:   Dev-Niagara (F2AED0AC-9AFE-416F-8664-AA7FFA26D6FC): 1
LogDevObjectVersion:   Dev-Destruction (174F1F0B-B4C6-45A5-B13F-2EE8D0FB917D): 9
LogDevObjectVersion:   Dev-Physics-Ext (35F94A83-E258-406C-A318-09F59610247C): 8
LogDevObjectVersion:   Dev-CineCamera (B2E18506-4273-CFC2-A54E-F4BB758BBA07): 1
LogInit: Presizing for max 25165824 objects, including 0 objects not considered by GC, pre-allocating 0 bytes for permanent pool.
LogInit: Object subsystem initialized
LogConfig: Setting CVar [[con.DebugEarlyDefault:1]]
LogConfig: Setting CVar [[r.setres:1280x720]]
[2020.03.02-11.56.49:681][  0]LogConfig: Setting CVar [[r.VSync:0]]
[2020.03.02-11.56.49:681][  0]LogConfig: Setting CVar [[r.RHICmdBypass:0]]
[2020.03.02-11.56.49:681][  0]LogConfig: Applying CVar settings from Section [/Script/Engine.RendererSettings] File [C:/Users/Daniel.Nikocevic/Desktop/TjillevippenTheory1.2/Saved/Config/Windows/Engine.ini]
[2020.03.02-11.56.49:681][  0]LogConfig: Setting CVar [[r.GPUCrashDebugging:0]]
[2020.03.02-11.56.49:681][  0]LogConfig: Applying CVar settings from Section [/Script/Engine.RendererOverrideSettings] File [C:/Users/Daniel.Nikocevic/Desktop/TjillevippenTheory1.2/Saved/Config/Windows/Engine.ini]
[2020.03.02-11.56.49:681][  0]LogConfig: Applying CVar settings from Section [/Script/Engine.StreamingSettings] File [C:/Users/Daniel.Nikocevic/Desktop/TjillevippenTheory1.2/Saved/Config/Windows/Engine.ini]
[2020.03.02-11.56.49:681][  0]LogConfig: Setting CVar [[s.MinBulkDataSizeForAsyncLoading:131072]]
[2020.03.02-11.56.49:681][  0]LogConfig: Setting CVar [[s.AsyncLoadingThreadEnabled:0]]
[2020.03.02-11.56.49:681][  0]LogConfig: Setting CVar [[s.EventDrivenLoaderEnabled:1]]
[2020.03.02-11.56.49:681][  0]LogConfig: Setting CVar [[s.WarnIfTimeLimitExceeded:0]]
[2020.03.02-11.56.49:681][  0]LogConfig: Setting CVar [[s.TimeLimitExceededMultiplier:1.5]]
[2020.03.02-11.56.49:681][  0]LogConfig: Setting CVar [[s.TimeLimitExceededMinTime:0.005]]
[2020.03.02-11.56.49:681][  0]LogConfig: Setting CVar [[s.UseBackgroundLevelStreaming:1]]
[2020.03.02-11.56.49:681][  0]LogConfig: Setting CVar [[s.PriorityAsyncLoadingExtraTime:15.0]]
[2020.03.02-11.56.49:681][  0]LogConfig: Setting CVar [[s.LevelStreamingActorsUpdateTimeLimit:5.0]]
[2020.03.02-11.56.49:681][  0]LogConfig: Setting CVar [[s.PriorityLevelStreamingActorsUpdateExtraTime:5.0]]
[2020.03.02-11.56.49:681][  0]LogConfig: Setting CVar [[s.LevelStreamingComponentsRegistrationGranularity:10]]
[2020.03.02-11.56.49:681][  0]LogConfig: Setting CVar [[s.UnregisterComponentsTimeLimit:1.0]]
[2020.03.02-11.56.49:681][  0]LogConfig: Setting CVar [[s.LevelStreamingComponentsUnregistrationGranularity:5]]
[2020.03.02-11.56.49:681][  0]LogConfig: Setting CVar [[s.FlushStreamingOnExit:1]]
[2020.03.02-11.56.49:681][  0]LogConfig: Applying CVar settings from Section [/Script/Engine.GarbageCollectionSettings] File [C:/Users/Daniel.Nikocevic/Desktop/TjillevippenTheory1.2/Saved/Config/Windows/Engine.ini]
[2020.03.02-11.56.49:681][  0]LogConfig: Setting CVar [[gc.MaxObjectsNotConsideredByGC:1]]
[2020.03.02-11.56.49:681][  0]LogConfig: Setting CVar [[gc.SizeOfPermanentObjectPool:0]]
[2020.03.02-11.56.49:681][  0]LogConfig: Setting CVar [[gc.FlushStreamingOnGC:0]]
[2020.03.02-11.56.49:681][  0]LogConfig: Setting CVar [[gc.NumRetriesBeforeForcingGC:10]]
[2020.03.02-11.56.49:681][  0]LogConfig: Setting CVar [[gc.AllowParallelGC:1]]
[2020.03.02-11.56.49:681][  0]LogConfig: Setting CVar [[gc.TimeBetweenPurgingPendingKillObjects:61.1]]
[2020.03.02-11.56.49:681][  0]LogConfig: Setting CVar [[gc.MaxObjectsInEditor:25165824]]
[2020.03.02-11.56.49:681][  0]LogConfig: Setting CVar [[gc.IncrementalBeginDestroyEnabled:1]]
[2020.03.02-11.56.49:681][  0]LogConfig: Setting CVar [[gc.CreateGCClusters:1]]
[2020.03.02-11.56.49:681][  0]LogConfig: Setting CVar [[gc.MinGCClusterSize:5]]
[2020.03.02-11.56.49:681][  0]LogConfig: Setting CVar [[gc.ActorClusteringEnabled:0]]
[2020.03.02-11.56.49:681][  0]LogConfig: Setting CVar [[gc.BlueprintClusteringEnabled:0]]
[2020.03.02-11.56.49:681][  0]LogConfig: Setting CVar [[gc.UseDisregardForGCOnDedicatedServers:0]]
[2020.03.02-11.56.49:681][  0]LogConfig: Applying CVar settings from Section [/Script/Engine.NetworkSettings] File [C:/Users/Daniel.Nikocevic/Desktop/TjillevippenTheory1.2/Saved/Config/Windows/Engine.ini]
[2020.03.02-11.56.49:681][  0]LogConfig: Applying CVar settings from Section [/Script/UnrealEd.CookerSettings] File [C:/Users/Daniel.Nikocevic/Desktop/TjillevippenTheory1.2/Saved/Config/Windows/Engine.ini]
[2020.03.02-11.56.49:688][  0]LogConfig: Applying CVar settings from Section [ViewDistanceQuality@3] File [C:/Users/Daniel.Nikocevic/Desktop/TjillevippenTheory1.2/Saved/Config/Windows/Scalability.ini]
[2020.03.02-11.56.49:688][  0]LogConfig: Setting CVar [[r.SkeletalMeshLODBias:0]]
[2020.03.02-11.56.49:688][  0]LogConfig: Setting CVar [[r.ViewDistanceScale:1.0]]
[2020.03.02-11.56.49:688][  0]LogConfig: Applying CVar settings from Section [AntiAliasingQuality@3] File [C:/Users/Daniel.Nikocevic/Desktop/TjillevippenTheory1.2/Saved/Config/Windows/Scalability.ini]
[2020.03.02-11.56.49:688][  0]LogConfig: Setting CVar [[r.PostProcessAAQuality:4]]
[2020.03.02-11.56.49:688][  0]LogConfig: Applying CVar settings from Section [ShadowQuality@3] File [C:/Users/Daniel.Nikocevic/Desktop/TjillevippenTheory1.2/Saved/Config/Windows/Scalability.ini]
[2020.03.02-11.56.49:688][  0]LogConfig: Setting CVar [[r.LightFunctionQuality:1]]
[2020.03.02-11.56.49:688][  0]LogConfig: Setting CVar [[r.ShadowQuality:5]]
[2020.03.02-11.56.49:688][  0]LogConfig: Setting CVar [[r.Shadow.CSM.MaxCascades:10]]
[2020.03.02-11.56.49:688][  0]LogConfig: Setting CVar [[r.Shadow.MaxResolution:2048]]
[2020.03.02-11.56.49:688][  0]LogConfig: Setting CVar [[r.Shadow.MaxCSMResolution:2048]]
[2020.03.02-11.56.49:688][  0]LogConfig: Setting CVar [[r.Shadow.RadiusThreshold:0.01]]
[2020.03.02-11.56.49:688][  0]LogConfig: Setting CVar [[r.Shadow.DistanceScale:1.0]]
[2020.03.02-11.56.49:688][  0]LogConfig: Setting CVar [[r.Shadow.CSM.TransitionScale:1.0]]
[2020.03.02-11.56.49:688][  0]LogConfig: Setting CVar [[r.Shadow.PreShadowResolutionFactor:1.0]]
[2020.03.02-11.56.49:688][  0]LogConfig: Setting CVar [[r.DistanceFieldShadowing:1]]
[2020.03.02-11.56.49:688][  0]LogConfig: Setting CVar [[r.DistanceFieldAO:1]]
[2020.03.02-11.56.49:689][  0]LogConfig: Setting CVar [[r.AOQuality:2]]
[2020.03.02-11.56.49:689][  0]LogConfig: Setting CVar [[r.VolumetricFog:1]]
[2020.03.02-11.56.49:689][  0]LogConfig: Setting CVar [[r.VolumetricFog.GridPixelSize:8]]
[2020.03.02-11.56.49:689][  0]LogConfig: Setting CVar [[r.VolumetricFog.GridSizeZ:128]]
[2020.03.02-11.56.49:689][  0]LogConfig: Setting CVar [[r.VolumetricFog.HistoryMissSupersampleCount:4]]
[2020.03.02-11.56.49:689][  0]LogConfig: Setting CVar [[r.LightMaxDrawDistanceScale:1]]
[2020.03.02-11.56.49:689][  0]LogConfig: Setting CVar [[r.CapsuleShadows:1]]
[2020.03.02-11.56.49:689][  0]LogConfig: Applying CVar settings from Section [PostProcessQuality@3] File [C:/Users/Daniel.Nikocevic/Desktop/TjillevippenTheory1.2/Saved/Config/Windows/Scalability.ini]
[2020.03.02-11.56.49:689][  0]LogConfig: Setting CVar [[r.MotionBlurQuality:4]]
[2020.03.02-11.56.49:689][  0]LogConfig: Setting CVar [[r.AmbientOcclusionMipLevelFactor:0.4]]
[2020.03.02-11.56.49:689][  0]LogConfig: Setting CVar [[r.AmbientOcclusionMaxQuality:100]]
[2020.03.02-11.56.49:689][  0]LogConfig: Setting CVar [[r.AmbientOcclusionLevels:-1]]
[2020.03.02-11.56.49:689][  0]LogConfig: Setting CVar [[r.AmbientOcclusionRadiusScale:1.0]]
[2020.03.02-11.56.49:689][  0]LogConfig: Setting CVar [[r.DepthOfFieldQuality:2]]
[2020.03.02-11.56.49:689][  0]LogConfig: Setting CVar [[r.RenderTargetPoolMin:400]]
[2020.03.02-11.56.49:689][  0]LogConfig: Setting CVar [[r.LensFlareQuality:2]]
[2020.03.02-11.56.49:689][  0]LogConfig: Setting CVar [[r.SceneColorFringeQuality:1]]
[2020.03.02-11.56.49:689][  0]LogConfig: Setting CVar [[r.EyeAdaptationQuality:2]]
[2020.03.02-11.56.49:689][  0]LogConfig: Setting CVar [[r.BloomQuality:5]]
[2020.03.02-11.56.49:689][  0]LogConfig: Setting CVar [[r.FastBlurThreshold:100]]
[2020.03.02-11.56.49:689][  0]LogConfig: Setting CVar [[r.Upscale.Quality:3]]
[2020.03.02-11.56.49:689][  0]LogConfig: Setting CVar [[r.Tonemapper.GrainQuantization:1]]
[2020.03.02-11.56.49:689][  0]LogConfig: Setting CVar [[r.LightShaftQuality:1]]
[2020.03.02-11.56.49:689][  0]LogConfig: Setting CVar [[r.Filter.SizeScale:1]]
[2020.03.02-11.56.49:689][  0]LogConfig: Setting CVar [[r.Tonemapper.Quality:5]]
[2020.03.02-11.56.49:689][  0]LogConfig: Setting CVar [[r.DOF.Gather.AccumulatorQuality:1        ; higher gathering accumulator quality]]
[2020.03.02-11.56.49:689][  0]LogConfig: Setting CVar [[r.DOF.Gather.PostfilterMethod:1          ; Median3x3 postfilering method]]
[2020.03.02-11.56.49:689][  0]LogConfig: Setting CVar [[r.DOF.Gather.EnableBokehSettings:0       ; no bokeh simulation when gathering]]
[2020.03.02-11.56.49:689][  0]LogConfig: Setting CVar [[r.DOF.Gather.RingCount:4                 ; medium number of samples when gathering]]
[2020.03.02-11.56.49:689][  0]LogConfig: Setting CVar [[r.DOF.Scatter.ForegroundCompositing:1    ; additive foreground scattering]]
[2020.03.02-11.56.49:689][  0]LogConfig: Setting CVar [[r.DOF.Scatter.BackgroundCompositing:2    ; additive background scattering]]
[2020.03.02-11.56.49:689][  0]LogConfig: Setting CVar [[r.DOF.Scatter.EnableBokehSettings:1      ; bokeh simulation when scattering]]
[2020.03.02-11.56.49:689][  0]LogConfig: Setting CVar [[r.DOF.Scatter.MaxSpriteRatio:0.1         ; only a maximum of 10% of scattered bokeh]]
[2020.03.02-11.56.49:689][  0]LogConfig: Setting CVar [[r.DOF.Recombine.Quality:1                ; cheap slight out of focus]]
[2020.03.02-11.56.49:689][  0]LogConfig: Setting CVar [[r.DOF.Recombine.EnableBokehSettings:0    ; no bokeh simulation on slight out of focus]]
[2020.03.02-11.56.49:689][  0]LogConfig: Setting CVar [[r.DOF.TemporalAAQuality:1                ; more stable temporal accumulation]]
[2020.03.02-11.56.49:689][  0]LogConfig: Setting CVar [[r.DOF.Kernel.MaxForegroundRadius:0.025]]
[2020.03.02-11.56.49:689][  0]LogConfig: Setting CVar [[r.DOF.Kernel.MaxBackgroundRadius:0.025]]
[2020.03.02-11.56.49:689][  0]LogConfig: Applying CVar settings from Section [TextureQuality@3] File [C:/Users/Daniel.Nikocevic/Desktop/TjillevippenTheory1.2/Saved/Config/Windows/Scalability.ini]
[2020.03.02-11.56.49:689][  0]LogConfig: Setting CVar [[r.Streaming.MipBias:0]]
[2020.03.02-11.56.49:689][  0]LogConfig: Setting CVar [[r.Streaming.AmortizeCPUToGPUCopy:0]]
[2020.03.02-11.56.49:689][  0]LogConfig: Setting CVar [[r.Streaming.MaxNumTexturesToStreamPerFrame:0]]
[2020.03.02-11.56.49:689][  0]LogConfig: Setting CVar [[r.Streaming.Boost:1]]
[2020.03.02-11.56.49:689][  0]LogConfig: Setting CVar [[r.MaxAnisotropy:8]]
[2020.03.02-11.56.49:689][  0]LogConfig: Setting CVar [[r.VT.MaxAnisotropy:8]]
[2020.03.02-11.56.49:689][  0]LogConfig: Setting CVar [[r.Streaming.LimitPoolSizeToVRAM:0]]
[2020.03.02-11.56.49:689][  0]LogConfig: Setting CVar [[r.Streaming.PoolSize:1000]]
[2020.03.02-11.56.49:689][  0]LogConfig: Setting CVar [[r.Streaming.MaxEffectiveScreenSize:0]]
[2020.03.02-11.56.49:689][  0]LogConfig: Applying CVar settings from Section [EffectsQuality@3] File [C:/Users/Daniel.Nikocevic/Desktop/TjillevippenTheory1.2/Saved/Config/Windows/Scalability.ini]
[2020.03.02-11.56.49:689][  0]LogConfig: Setting CVar [[r.TranslucencyLightingVolumeDim:64]]
[2020.03.02-11.56.49:689][  0]LogConfig: Setting CVar [[r.RefractionQuality:2]]
[2020.03.02-11.56.49:689][  0]LogConfig: Setting CVar [[r.SSR.Quality:3]]
[2020.03.02-11.56.49:689][  0]LogConfig: Setting CVar [[r.SSR.HalfResSceneColor:0]]
[2020.03.02-11.56.49:689][  0]LogConfig: Setting CVar [[r.SceneColorFormat:4]]
[2020.03.02-11.56.49:689][  0]LogConfig: Setting CVar [[r.DetailMode:2]]
[2020.03.02-11.56.49:689][  0]LogConfig: Setting CVar [[r.TranslucencyVolumeBlur:1]]
[2020.03.02-11.56.49:689][  0]LogConfig: Setting CVar [[r.MaterialQualityLevel:1 ; High quality]]
[2020.03.02-11.56.49:689][  0]LogConfig: Setting CVar [[r.SSS.Scale:1]]
[2020.03.02-11.56.49:689][  0]LogConfig: Setting CVar [[r.SSS.SampleSet:2]]
[2020.03.02-11.56.49:689][  0]LogConfig: Setting CVar [[r.SSS.Quality:1]]
[2020.03.02-11.56.49:689][  0]LogConfig: Setting CVar [[r.SSS.HalfRes:1]]
[2020.03.02-11.56.49:689][  0]LogConfig: Setting CVar [[r.SSGI.Quality:3]]
[2020.03.02-11.56.49:689][  0]LogConfig: Setting CVar [[r.EmitterSpawnRateScale:1.0]]
[2020.03.02-11.56.49:689][  0]LogConfig: Setting CVar [[r.ParticleLightQuality:2]]
[2020.03.02-11.56.49:689][  0]LogConfig: Setting CVar [[r.SkyAtmosphere.AerialPerspectiveLUT.FastApplyOnOpaque:1 ; Always have FastSkyLUT 1 in this case to avoid wrong sky]]
[2020.03.02-11.56.49:689][  0]LogConfig: Setting CVar [[r.SkyAtmosphere.AerialPerspectiveLUT.SampleCountPerSlice:1]]
[2020.03.02-11.56.49:689][  0]LogConfig: Setting CVar [[r.SkyAtmosphere.AerialPerspectiveLUT.DepthResolution:16.0]]
[2020.03.02-11.56.49:689][  0]LogConfig: Setting CVar [[r.SkyAtmosphere.FastSkyLUT:1]]
[2020.03.02-11.56.49:689][  0]LogConfig: Setting CVar [[r.SkyAtmosphere.FastSkyLUT.SampleCountMin:4.0]]
[2020.03.02-11.56.49:689][  0]LogConfig: Setting CVar [[r.SkyAtmosphere.FastSkyLUT.SampleCountMax:32.0]]
[2020.03.02-11.56.49:689][  0]LogConfig: Setting CVar [[r.SkyAtmosphere.SampleCountMin:4.0]]
[2020.03.02-11.56.49:689][  0]LogConfig: Setting CVar [[r.SkyAtmosphere.SampleCountMax:32.0]]
[2020.03.02-11.56.49:689][  0]LogConfig: Setting CVar [[r.SkyAtmosphere.TransmittanceLUT.UseSmallFormat:0]]
[2020.03.02-11.56.49:689][  0]LogConfig: Setting CVar [[r.SkyAtmosphere.TransmittanceLUT.SampleCount:10.0]]
[2020.03.02-11.56.49:689][  0]LogConfig: Setting CVar [[r.SkyAtmosphere.MultiScatteringLUT.SampleCount:15.0]]
[2020.03.02-11.56.49:689][  0]LogConfig: Applying CVar settings from Section [FoliageQuality@3] File [C:/Users/Daniel.Nikocevic/Desktop/TjillevippenTheory1.2/Saved/Config/Windows/Scalability.ini]
[2020.03.02-11.56.49:689][  0]LogConfig: Setting CVar [[foliage.DensityScale:1.0]]
[2020.03.02-11.56.49:689][  0]LogConfig: Setting CVar [[grass.DensityScale:1.0]]
[2020.03.02-11.56.49:689][  0]LogConfig: Applying CVar settings from Section [ShadingQuality@3] File [C:/Users/Daniel.Nikocevic/Desktop/TjillevippenTheory1.2/Saved/Config/Windows/Scalability.ini]
[2020.03.02-11.56.49:689][  0]LogConfig: Setting CVar [[r.HairStrands.SkyLighting.SampleCount:16]]
[2020.03.02-11.56.49:689][  0]LogConfig: Setting CVar [[r.HairStrands.SkyLighting.JitterIntegration:0]]
[2020.03.02-11.56.49:689][  0]LogConfig: Setting CVar [[r.HairStrands.SkyAO.SampleCount:16]]
[2020.03.02-11.56.49:689][  0]LogInit: Selected Device Profile: [Windows]
[2020.03.02-11.56.49:689][  0]LogInit: Applying CVar settings loaded from the selected device profile: [Windows]
[2020.03.02-11.56.49:699][  0]LogHAL: Display: Platform has ~ 16 GB [17117413376 / 17179869184 / 16], which maps to Larger [LargestMinGB=32, LargerMinGB=12, DefaultMinGB=8, SmallerMinGB=6, SmallestMinGB=0)
[2020.03.02-11.56.49:699][  0]LogInit: Going up to parent DeviceProfile []
[2020.03.02-11.56.49:699][  0]LogConfig: Applying CVar settings from Section [ViewDistanceQuality@3] File [C:/Users/Daniel.Nikocevic/Desktop/TjillevippenTheory1.2/Saved/Config/Windows/Scalability.ini]
[2020.03.02-11.56.49:699][  0]LogConfig: Setting CVar [[r.SkeletalMeshLODBias:0]]
[2020.03.02-11.56.49:699][  0]LogConfig: Setting CVar [[r.ViewDistanceScale:1.0]]
[2020.03.02-11.56.49:699][  0]LogConfig: Applying CVar settings from Section [AntiAliasingQuality@3] File [C:/Users/Daniel.Nikocevic/Desktop/TjillevippenTheory1.2/Saved/Config/Windows/Scalability.ini]
[2020.03.02-11.56.49:699][  0]LogConfig: Setting CVar [[r.PostProcessAAQuality:4]]
[2020.03.02-11.56.49:699][  0]LogConfig: Applying CVar settings from Section [ShadowQuality@3] File [C:/Users/Daniel.Nikocevic/Desktop/TjillevippenTheory1.2/Saved/Config/Windows/Scalability.ini]
[2020.03.02-11.56.49:699][  0]LogConfig: Setting CVar [[r.LightFunctionQuality:1]]
[2020.03.02-11.56.49:699][  0]LogConfig: Setting CVar [[r.ShadowQuality:5]]
[2020.03.02-11.56.49:699][  0]LogConfig: Setting CVar [[r.Shadow.CSM.MaxCascades:10]]
[2020.03.02-11.56.49:699][  0]LogConfig: Setting CVar [[r.Shadow.MaxResolution:2048]]
[2020.03.02-11.56.49:699][  0]LogConfig: Setting CVar [[r.Shadow.MaxCSMResolution:2048]]
[2020.03.02-11.56.49:699][  0]LogConfig: Setting CVar [[r.Shadow.RadiusThreshold:0.01]]
[2020.03.02-11.56.49:699][  0]LogConfig: Setting CVar [[r.Shadow.DistanceScale:1.0]]
[2020.03.02-11.56.49:699][  0]LogConfig: Setting CVar [[r.Shadow.CSM.TransitionScale:1.0]]
[2020.03.02-11.56.49:699][  0]LogConfig: Setting CVar [[r.Shadow.PreShadowResolutionFactor:1.0]]
[2020.03.02-11.56.49:699][  0]LogConfig: Setting CVar [[r.DistanceFieldShadowing:1]]
[2020.03.02-11.56.49:699][  0]LogConfig: Setting CVar [[r.DistanceFieldAO:1]]
[2020.03.02-11.56.49:699][  0]LogConfig: Setting CVar [[r.AOQuality:2]]
[2020.03.02-11.56.49:699][  0]LogConfig: Setting CVar [[r.VolumetricFog:1]]
[2020.03.02-11.56.49:699][  0]LogConfig: Setting CVar [[r.VolumetricFog.GridPixelSize:8]]
[2020.03.02-11.56.49:699][  0]LogConfig: Setting CVar [[r.VolumetricFog.GridSizeZ:128]]
[2020.03.02-11.56.49:699][  0]LogConfig: Setting CVar [[r.VolumetricFog.HistoryMissSupersampleCount:4]]
[2020.03.02-11.56.49:699][  0]LogConfig: Setting CVar [[r.LightMaxDrawDistanceScale:1]]
[2020.03.02-11.56.49:699][  0]LogConfig: Setting CVar [[r.CapsuleShadows:1]]
[2020.03.02-11.56.49:699][  0]LogConfig: Applying CVar settings from Section [PostProcessQuality@3] File [C:/Users/Daniel.Nikocevic/Desktop/TjillevippenTheory1.2/Saved/Config/Windows/Scalability.ini]
[2020.03.02-11.56.49:699][  0]LogConfig: Setting CVar [[r.MotionBlurQuality:4]]
[2020.03.02-11.56.49:699][  0]LogConfig: Setting CVar [[r.AmbientOcclusionMipLevelFactor:0.4]]
[2020.03.02-11.56.49:699][  0]LogConfig: Setting CVar [[r.AmbientOcclusionMaxQuality:100]]
[2020.03.02-11.56.49:699][  0]LogConfig: Setting CVar [[r.AmbientOcclusionLevels:-1]]
[2020.03.02-11.56.49:699][  0]LogConfig: Setting CVar [[r.AmbientOcclusionRadiusScale:1.0]]
[2020.03.02-11.56.49:699][  0]LogConfig: Setting CVar [[r.DepthOfFieldQuality:2]]
[2020.03.02-11.56.49:699][  0]LogConfig: Setting CVar [[r.RenderTargetPoolMin:400]]
[2020.03.02-11.56.49:699][  0]LogConfig: Setting CVar [[r.LensFlareQuality:2]]
[2020.03.02-11.56.49:699][  0]LogConfig: Setting CVar [[r.SceneColorFringeQuality:1]]
[2020.03.02-11.56.49:699][  0]LogConfig: Setting CVar [[r.EyeAdaptationQuality:2]]
[2020.03.02-11.56.49:699][  0]LogConfig: Setting CVar [[r.BloomQuality:5]]
[2020.03.02-11.56.49:699][  0]LogConfig: Setting CVar [[r.FastBlurThreshold:100]]
[2020.03.02-11.56.49:699][  0]LogConfig: Setting CVar [[r.Upscale.Quality:3]]
[2020.03.02-11.56.49:699][  0]LogConfig: Setting CVar [[r.Tonemapper.GrainQuantization:1]]
[2020.03.02-11.56.49:699][  0]LogConfig: Setting CVar [[r.LightShaftQuality:1]]
[2020.03.02-11.56.49:699][  0]LogConfig: Setting CVar [[r.Filter.SizeScale:1]]
[2020.03.02-11.56.49:699][  0]LogConfig: Setting CVar [[r.Tonemapper.Quality:5]]
[2020.03.02-11.56.49:699][  0]LogConfig: Setting CVar [[r.DOF.Gather.AccumulatorQuality:1        ; higher gathering accumulator quality]]
[2020.03.02-11.56.49:699][  0]LogConfig: Setting CVar [[r.DOF.Gather.PostfilterMethod:1          ; Median3x3 postfilering method]]
[2020.03.02-11.56.49:699][  0]LogConfig: Setting CVar [[r.DOF.Gather.EnableBokehSettings:0       ; no bokeh simulation when gathering]]
[2020.03.02-11.56.49:699][  0]LogConfig: Setting CVar [[r.DOF.Gather.RingCount:4                 ; medium number of samples when gathering]]
[2020.03.02-11.56.49:699][  0]LogConfig: Setting CVar [[r.DOF.Scatter.ForegroundCompositing:1    ; additive foreground scattering]]
[2020.03.02-11.56.49:699][  0]LogConfig: Setting CVar [[r.DOF.Scatter.BackgroundCompositing:2    ; additive background scattering]]
[2020.03.02-11.56.49:699][  0]LogConfig: Setting CVar [[r.DOF.Scatter.EnableBokehSettings:1      ; bokeh simulation when scattering]]
[2020.03.02-11.56.49:699][  0]LogConfig: Setting CVar [[r.DOF.Scatter.MaxSpriteRatio:0.1         ; only a maximum of 10% of scattered bokeh]]
[2020.03.02-11.56.49:699][  0]LogConfig: Setting CVar [[r.DOF.Recombine.Quality:1                ; cheap slight out of focus]]
[2020.03.02-11.56.49:699][  0]LogConfig: Setting CVar [[r.DOF.Recombine.EnableBokehSettings:0    ; no bokeh simulation on slight out of focus]]
[2020.03.02-11.56.49:699][  0]LogConfig: Setting CVar [[r.DOF.TemporalAAQuality:1                ; more stable temporal accumulation]]
[2020.03.02-11.56.49:699][  0]LogConfig: Setting CVar [[r.DOF.Kernel.MaxForegroundRadius:0.025]]
[2020.03.02-11.56.49:699][  0]LogConfig: Setting CVar [[r.DOF.Kernel.MaxBackgroundRadius:0.025]]
[2020.03.02-11.56.49:699][  0]LogConfig: Applying CVar settings from Section [TextureQuality@3] File [C:/Users/Daniel.Nikocevic/Desktop/TjillevippenTheory1.2/Saved/Config/Windows/Scalability.ini]
[2020.03.02-11.56.49:699][  0]LogConfig: Setting CVar [[r.Streaming.MipBias:0]]
[2020.03.02-11.56.49:699][  0]LogConfig: Setting CVar [[r.Streaming.AmortizeCPUToGPUCopy:0]]
[2020.03.02-11.56.49:699][  0]LogConfig: Setting CVar [[r.Streaming.MaxNumTexturesToStreamPerFrame:0]]
[2020.03.02-11.56.49:699][  0]LogConfig: Setting CVar [[r.Streaming.Boost:1]]
[2020.03.02-11.56.49:699][  0]LogConfig: Setting CVar [[r.MaxAnisotropy:8]]
[2020.03.02-11.56.49:699][  0]LogConfig: Setting CVar [[r.VT.MaxAnisotropy:8]]
[2020.03.02-11.56.49:699][  0]LogConfig: Setting CVar [[r.Streaming.LimitPoolSizeToVRAM:0]]
[2020.03.02-11.56.49:699][  0]LogConfig: Setting CVar [[r.Streaming.PoolSize:1000]]
[2020.03.02-11.56.49:699][  0]LogConfig: Setting CVar [[r.Streaming.MaxEffectiveScreenSize:0]]
[2020.03.02-11.56.49:699][  0]LogConfig: Applying CVar settings from Section [EffectsQuality@3] File [C:/Users/Daniel.Nikocevic/Desktop/TjillevippenTheory1.2/Saved/Config/Windows/Scalability.ini]
[2020.03.02-11.56.49:699][  0]LogConfig: Setting CVar [[r.TranslucencyLightingVolumeDim:64]]
[2020.03.02-11.56.49:699][  0]LogConfig: Setting CVar [[r.RefractionQuality:2]]
[2020.03.02-11.56.49:699][  0]LogConfig: Setting CVar [[r.SSR.Quality:3]]
[2020.03.02-11.56.49:699][  0]LogConfig: Setting CVar [[r.SSR.HalfResSceneColor:0]]
[2020.03.02-11.56.49:700][  0]LogConfig: Setting CVar [[r.SceneColorFormat:4]]
[2020.03.02-11.56.49:700][  0]LogConfig: Setting CVar [[r.DetailMode:2]]
[2020.03.02-11.56.49:700][  0]LogConfig: Setting CVar [[r.TranslucencyVolumeBlur:1]]
[2020.03.02-11.56.49:700][  0]LogConfig: Setting CVar [[r.MaterialQualityLevel:1 ; High quality]]
[2020.03.02-11.56.49:700][  0]LogConfig: Setting CVar [[r.SSS.Scale:1]]
[2020.03.02-11.56.49:700][  0]LogConfig: Setting CVar [[r.SSS.SampleSet:2]]
[2020.03.02-11.56.49:700][  0]LogConfig: Setting CVar [[r.SSS.Quality:1]]
[2020.03.02-11.56.49:700][  0]LogConfig: Setting CVar [[r.SSS.HalfRes:1]]
[2020.03.02-11.56.49:700][  0]LogConfig: Setting CVar [[r.SSGI.Quality:3]]
[2020.03.02-11.56.49:700][  0]LogConfig: Setting CVar [[r.EmitterSpawnRateScale:1.0]]
[2020.03.02-11.56.49:700][  0]LogConfig: Setting CVar [[r.ParticleLightQuality:2]]
[2020.03.02-11.56.49:700][  0]LogConfig: Setting CVar [[r.SkyAtmosphere.AerialPerspectiveLUT.FastApplyOnOpaque:1 ; Always have FastSkyLUT 1 in this case to avoid wrong sky]]
[2020.03.02-11.56.49:700][  0]LogConfig: Setting CVar [[r.SkyAtmosphere.AerialPerspectiveLUT.SampleCountPerSlice:1]]
[2020.03.02-11.56.49:700][  0]LogConfig: Setting CVar [[r.SkyAtmosphere.AerialPerspectiveLUT.DepthResolution:16.0]]
[2020.03.02-11.56.49:700][  0]LogConfig: Setting CVar [[r.SkyAtmosphere.FastSkyLUT:1]]
[2020.03.02-11.56.49:700][  0]LogConfig: Setting CVar [[r.SkyAtmosphere.FastSkyLUT.SampleCountMin:4.0]]
[2020.03.02-11.56.49:700][  0]LogConfig: Setting CVar [[r.SkyAtmosphere.FastSkyLUT.SampleCountMax:32.0]]
[2020.03.02-11.56.49:700][  0]LogConfig: Setting CVar [[r.SkyAtmosphere.SampleCountMin:4.0]]
[2020.03.02-11.56.49:700][  0]LogConfig: Setting CVar [[r.SkyAtmosphere.SampleCountMax:32.0]]
[2020.03.02-11.56.49:700][  0]LogConfig: Setting CVar [[r.SkyAtmosphere.TransmittanceLUT.UseSmallFormat:0]]
[2020.03.02-11.56.49:700][  0]LogConfig: Setting CVar [[r.SkyAtmosphere.TransmittanceLUT.SampleCount:10.0]]
[2020.03.02-11.56.49:700][  0]LogConfig: Setting CVar [[r.SkyAtmosphere.MultiScatteringLUT.SampleCount:15.0]]
[2020.03.02-11.56.49:700][  0]LogConfig: Applying CVar settings from Section [FoliageQuality@3] File [C:/Users/Daniel.Nikocevic/Desktop/TjillevippenTheory1.2/Saved/Config/Windows/Scalability.ini]
[2020.03.02-11.56.49:700][  0]LogConfig: Setting CVar [[foliage.DensityScale:1.0]]
[2020.03.02-11.56.49:700][  0]LogConfig: Setting CVar [[grass.DensityScale:1.0]]
[2020.03.02-11.56.49:700][  0]LogConfig: Applying CVar settings from Section [ShadingQuality@3] File [C:/Users/Daniel.Nikocevic/Desktop/TjillevippenTheory1.2/Saved/Config/Windows/Scalability.ini]
[2020.03.02-11.56.49:700][  0]LogConfig: Setting CVar [[r.HairStrands.SkyLighting.SampleCount:16]]
[2020.03.02-11.56.49:700][  0]LogConfig: Setting CVar [[r.HairStrands.SkyLighting.JitterIntegration:0]]
[2020.03.02-11.56.49:700][  0]LogConfig: Setting CVar [[r.HairStrands.SkyAO.SampleCount:16]]
[2020.03.02-11.56.49:700][  0]LogConfig: Applying CVar settings from Section [Startup] File [../../../Engine/Config/ConsoleVariables.ini]
[2020.03.02-11.56.49:712][  0]LogConfig: Setting CVar [[net.UseAdaptiveNetUpdateFrequency:0]]
[2020.03.02-11.56.49:712][  0]LogConfig: Setting CVar [[p.chaos.AllowCreatePhysxBodies:1]]
[2020.03.02-11.56.49:712][  0]LogConfig: Applying CVar settings from Section [ConsoleVariables] File [C:/Users/Daniel.Nikocevic/Desktop/TjillevippenTheory1.2/Saved/Config/Windows/Engine.ini]
[2020.03.02-11.56.49:712][  0]LogInit: Computer: FGWH1603
[2020.03.02-11.56.49:712][  0]LogInit: User: DanielNikocevic
[2020.03.02-11.56.49:712][  0]LogInit: CPU Page size=4096, Cores=4
[2020.03.02-11.56.49:712][  0]LogInit: High frequency timer resolution =10.000000 MHz
[2020.03.02-11.56.49:713][  0]LogMemory: Memory total: Physical=15.9GB (16GB approx)
[2020.03.02-11.56.49:713][  0]LogMemory: Platform Memory Stats for Windows
[2020.03.02-11.56.49:713][  0]LogMemory: Process Physical Memory: 104.01 MB used, 104.01 MB peak
[2020.03.02-11.56.49:713][  0]LogMemory: Process Virtual Memory: 99.61 MB used, 99.61 MB peak
[2020.03.02-11.56.49:713][  0]LogMemory: Physical Memory: 4323.84 MB used,  12000.60 MB free, 16324.44 MB total
[2020.03.02-11.56.49:713][  0]LogMemory: Virtual Memory: 5121.17 MB used,  134212608.00 MB free, 134217728.00 MB total
[2020.03.02-11.56.49:718][  0]LogWindows: WindowsPlatformFeatures enabled
[2020.03.02-11.56.49:858][  0]LogInit: Using OS detected language (en-US).
[2020.03.02-11.56.49:858][  0]LogInit: Using OS detected locale (en-SE).
[2020.03.02-11.56.49:859][  0]LogTextLocalizationManager: No specific localization for 'en-US' exists, so the 'en' localization will be used.
[2020.03.02-11.56.50:100][  0]LogInit: Setting process to per monitor DPI aware
[2020.03.02-11.56.50:178][  0]LogSlate: New Slate User Created.  User Index 0, Is Virtual User: 0
[2020.03.02-11.56.50:178][  0]LogSlate: Slate User Registered.  User Index 0, Is Virtual User: 0
[2020.03.02-11.56.52:327][  0]LogHMD: Failed to initialize OpenVR with code 110
[2020.03.02-11.56.52:327][  0]LogD3D11RHI: D3D11 min allowed feature level: 11_0
[2020.03.02-11.56.52:327][  0]LogD3D11RHI: D3D11 max allowed feature level: 11_0
[2020.03.02-11.56.52:327][  0]LogD3D11RHI: D3D11 adapters:
[2020.03.02-11.56.52:395][  0]LogD3D11RHI:    0. 'NVIDIA GeForce RTX 2060' (Feature Level 11_0)
[2020.03.02-11.56.52:395][  0]LogD3D11RHI:       5980/0/8162 MB DedicatedVideo/DedicatedSystem/SharedSystem, Outputs:2, VendorId:0x10de
[2020.03.02-11.56.52:399][  0]LogD3D11RHI:    1. 'Microsoft Basic Render Driver' (Feature Level 11_0)
[2020.03.02-11.56.52:399][  0]LogD3D11RHI:       0/0/8162 MB DedicatedVideo/DedicatedSystem/SharedSystem, Outputs:0, VendorId:0x1414
[2020.03.02-11.56.52:399][  0]LogD3D11RHI: Chosen D3D11 Adapter: 0
[2020.03.02-11.56.52:404][  0]LogD3D11RHI: Creating new Direct3DDevice
[2020.03.02-11.56.52:404][  0]LogD3D11RHI:     GPU DeviceId: 0x1f08 (for the marketing name, search the web for "GPU Device Id")
[2020.03.02-11.56.52:404][  0]LogWindows: EnumDisplayDevices:
[2020.03.02-11.56.52:404][  0]LogWindows:    0. 'NVIDIA GeForce RTX 2060' (P:1 D:1)
[2020.03.02-11.56.52:404][  0]LogWindows:    1. 'NVIDIA GeForce RTX 2060' (P:0 D:1)
[2020.03.02-11.56.52:404][  0]LogWindows:    2. 'NVIDIA GeForce RTX 2060' (P:0 D:0)
[2020.03.02-11.56.52:405][  0]LogWindows:    3. 'NVIDIA GeForce RTX 2060' (P:0 D:0)
[2020.03.02-11.56.52:405][  0]LogWindows: DebugString: FoundDriverCount:4 
[2020.03.02-11.56.52:405][  0]LogD3D11RHI:     Adapter Name: NVIDIA GeForce RTX 2060
[2020.03.02-11.56.52:405][  0]LogD3D11RHI:   Driver Version: 442.19 (internal:26.21.14.4219, unified:442.19)
[2020.03.02-11.56.52:405][  0]LogD3D11RHI:      Driver Date: 1-29-2020
[2020.03.02-11.56.52:405][  0]LogRHI: Texture pool is 4186 MB (70% of 5980 MB)
[2020.03.02-11.56.52:449][  0]LogD3D11RHI: RHI has support for 64 bit atomics
[2020.03.02-11.56.52:449][  0]LogD3D11RHI: Async texture creation enabled
[2020.03.02-11.56.52:462][  0]LogD3D11RHI: GPU Timing Frequency: 1000.000000 (Debug: 2 1)
[2020.03.02-11.56.53:081][  0]LogTargetPlatformManager: Display: Loaded TargetPlatform 'AllDesktop'
[2020.03.02-11.56.53:134][  0]LogTargetPlatformManager: Display: Loaded TargetPlatform 'Android'
[2020.03.02-11.56.53:134][  0]LogTargetPlatformManager: Display: Loaded TargetPlatform 'Android_ASTC'
[2020.03.02-11.56.53:134][  0]LogTargetPlatformManager: Display: Loaded TargetPlatform 'Android_ATC'
[2020.03.02-11.56.53:134][  0]LogTargetPlatformManager: Display: Loaded TargetPlatform 'Android_DXT'
[2020.03.02-11.56.53:134][  0]LogTargetPlatformManager: Display: Loaded TargetPlatform 'Android_ETC1'
[2020.03.02-11.56.53:134][  0]LogTargetPlatformManager: Display: Loaded TargetPlatform 'Android_ETC1a'
[2020.03.02-11.56.53:134][  0]LogTargetPlatformManager: Display: Loaded TargetPlatform 'Android_ETC2'
[2020.03.02-11.56.53:134][  0]LogTargetPlatformManager: Display: Loaded TargetPlatform 'Android_PVRTC'
[2020.03.02-11.56.53:134][  0]LogTargetPlatformManager: Display: Loaded TargetPlatform 'AndroidClient'
[2020.03.02-11.56.53:134][  0]LogTargetPlatformManager: Display: Loaded TargetPlatform 'Android_ASTCClient'
[2020.03.02-11.56.53:134][  0]LogTargetPlatformManager: Display: Loaded TargetPlatform 'Android_ATCClient'
[2020.03.02-11.56.53:134][  0]LogTargetPlatformManager: Display: Loaded TargetPlatform 'Android_DXTClient'
[2020.03.02-11.56.53:134][  0]LogTargetPlatformManager: Display: Loaded TargetPlatform 'Android_ETC1Client'
[2020.03.02-11.56.53:134][  0]LogTargetPlatformManager: Display: Loaded TargetPlatform 'Android_ETC1aClient'
[2020.03.02-11.56.53:134][  0]LogTargetPlatformManager: Display: Loaded TargetPlatform 'Android_ETC2Client'
[2020.03.02-11.56.53:134][  0]LogTargetPlatformManager: Display: Loaded TargetPlatform 'Android_PVRTCClient'
[2020.03.02-11.56.53:134][  0]LogTargetPlatformManager: Display: Loaded TargetPlatform 'Android_Multi'
[2020.03.02-11.56.53:134][  0]LogTargetPlatformManager: Display: Loaded TargetPlatform 'Android_MultiClient'
[2020.03.02-11.56.53:185][  0]LogTargetPlatformManager: Display: Loaded TargetPlatform 'IOSClient'
[2020.03.02-11.56.53:185][  0]LogTargetPlatformManager: Display: Loaded TargetPlatform 'IOS'
[2020.03.02-11.56.53:196][  0]LogTargetPlatformManager: Display: Loaded TargetPlatform 'LinuxNoEditor'
[2020.03.02-11.56.53:204][  0]LogTargetPlatformManager: Display: Loaded TargetPlatform 'LinuxClient'
[2020.03.02-11.56.53:212][  0]LogTargetPlatformManager: Display: Loaded TargetPlatform 'LinuxServer'
[2020.03.02-11.56.53:223][  0]LogTargetPlatformManager: Display: Loaded TargetPlatform 'LinuxAArch64NoEditor'
[2020.03.02-11.56.53:243][  0]LogTargetPlatformManager: Display: Loaded TargetPlatform 'LinuxAArch64Client'
[2020.03.02-11.56.53:258][  0]LogTargetPlatformManager: Display: Loaded TargetPlatform 'LinuxAArch64Server'
[2020.03.02-11.56.53:296][  0]LogTargetPlatformManager: Display: Loaded TargetPlatform 'Lumin'
[2020.03.02-11.56.53:296][  0]LogTargetPlatformManager: Display: Loaded TargetPlatform 'LuminClient'
[2020.03.02-11.56.53:315][  0]LogTargetPlatformManager: Display: Loaded TargetPlatform 'TVOSClient'
[2020.03.02-11.56.53:315][  0]LogTargetPlatformManager: Display: Loaded TargetPlatform 'TVOS'
[2020.03.02-11.56.53:323][  0]LogTargetPlatformManager: Display: Loaded TargetPlatform 'WindowsNoEditor'
[2020.03.02-11.56.53:331][  0]LogTargetPlatformManager: Display: Loaded TargetPlatform 'Windows'
[2020.03.02-11.56.53:340][  0]LogTargetPlatformManager: Display: Loaded TargetPlatform 'WindowsClient'
[2020.03.02-11.56.53:348][  0]LogTargetPlatformManager: Display: Loaded TargetPlatform 'WindowsServer'
[2020.03.02-11.56.53:348][  0]LogTargetPlatformManager: Display: Building Assets For Windows
[2020.03.02-11.56.53:389][  0]LogAudioDebug: Display: Lib vorbis DLL was dynamically loaded.
[2020.03.02-11.56.53:438][  0]LogShaderCompilers: Guid format shader working directory is -12 characters bigger than the processId version (../../../../../../Users/Daniel.Nikocevic/Desktop/TjillevippenTheory1.2/Intermediate/Shaders/WorkingDirectory/956/).
[2020.03.02-11.56.53:438][  0]LogShaderCompilers: Cleaned the shader compiler working directory 'C:/Users/Daniel.Nikocevic/AppData/Local/Temp/UnrealShaderWorkingDir/6B98D45F4BD9EEE8AAB7328E87582A74/'.
[2020.03.02-11.56.53:438][  0]LogXGEController: Cleaning working directory: C:/Users/Daniel.Nikocevic/AppData/Local/Temp/UnrealXGEWorkingDir/
[2020.03.02-11.56.53:438][  0]LogXGEController: Cannot use XGE Controller as Incredibuild is not installed on this machine.
[2020.03.02-11.56.53:438][  0]LogShaderCompilers: Cannot use XGE Shader Compiler as Incredibuild is not installed on this machine.
[2020.03.02-11.56.53:438][  0]LogShaderCompilers: Display: Using Local Shader Compiler.
[2020.03.02-11.56.57:051][  0]LogDerivedDataCache: Display: Max Cache Size: 512 MB
[2020.03.02-11.56.57:115][  0]LogDerivedDataCache: Loaded boot cache 0.06s 78MB C:/Users/Daniel.Nikocevic/AppData/Local/UnrealEngine/4.24/DerivedDataCache/Boot.ddc.
[2020.03.02-11.56.57:115][  0]LogDerivedDataCache: Display: Loaded Boot cache: C:/Users/Daniel.Nikocevic/AppData/Local/UnrealEngine/4.24/DerivedDataCache/Boot.ddc
[2020.03.02-11.56.57:115][  0]LogDerivedDataCache: FDerivedDataBackendGraph:  Pak pak cache file ../../../../../../Users/Daniel.Nikocevic/Desktop/TjillevippenTheory1.2/DerivedDataCache/DDC.ddp not found, will not use a pak cache.
[2020.03.02-11.56.57:115][  0]LogDerivedDataCache: Unable to find inner node Pak for hierarchical cache Hierarchy.
[2020.03.02-11.56.57:115][  0]LogDerivedDataCache: FDerivedDataBackendGraph:  CompressedPak pak cache file ../../../../../../Users/Daniel.Nikocevic/Desktop/TjillevippenTheory1.2/DerivedDataCache/Compressed.ddp not found, will not use a pak cache.
[2020.03.02-11.56.57:115][  0]LogDerivedDataCache: Unable to find inner node CompressedPak for hierarchical cache Hierarchy.
[2020.03.02-11.56.57:133][  0]LogDerivedDataCache: Display: Pak cache opened for reading ../../../Engine/DerivedDataCache/Compressed.ddp.
[2020.03.02-11.56.57:134][  0]LogDerivedDataCache: FDerivedDataBackendGraph:  EnterprisePak pak cache file ../../../Enterprise/DerivedDataCache/Compressed.ddp not found, will not use a pak cache.
[2020.03.02-11.56.57:134][  0]LogDerivedDataCache: Unable to find inner node EnterprisePak for hierarchical cache Hierarchy.
[2020.03.02-11.56.57:135][  0]LogDerivedDataCache: Using Local data cache path C:/Users/Daniel.Nikocevic/AppData/Local/UnrealEngine/Common/DerivedDataCache: Writable
[2020.03.02-11.56.57:135][  0]LogDerivedDataCache: Shared data cache path not found in *engine.ini, will not use an Shared cache.
[2020.03.02-11.56.57:135][  0]LogDerivedDataCache: Unable to find inner node Shared for hierarchical cache Hierarchy.
[2020.03.02-11.56.57:168][  0]LogMaterial: Verifying Global Shaders for PCD3D_SM5
[2020.03.02-11.56.57:173][  0]LogSlate: Using FreeType 2.10.0
[2020.03.02-11.56.57:203][  0]LogSlate: SlateFontServices - WITH_FREETYPE: 1, WITH_HARFBUZZ: 1
[2020.03.02-11.56.57:511][  0]LogAssetRegistry: FAssetRegistry took 0.0037 seconds to start up
[2020.03.02-11.56.57:888][  0]LogInit: Selected Device Profile: [Windows]
[2020.03.02-11.56.58:180][  0]LogMeshReduction: Using QuadricMeshReduction for automatic static mesh reduction
[2020.03.02-11.56.58:180][  0]LogMeshReduction: Using SimplygonMeshReduction for automatic skeletal mesh reduction
[2020.03.02-11.56.58:180][  0]LogMeshReduction: Using ProxyLODMeshReduction for automatic mesh merging
[2020.03.02-11.56.58:180][  0]LogMeshReduction: No distributed automatic mesh merging module available
[2020.03.02-11.56.58:180][  0]LogMeshMerging: No distributed automatic mesh merging module available
[2020.03.02-11.56.58:219][  0]LogNetVersion: TjillevippenTheory2 1.0.0, NetCL: 10570792, EngineNetVer: 13, GameNetVer: 0 (Checksum: 3641555505)
[2020.03.02-11.57.01:044][  0]LogPackageLocalizationCache: Processed 10 localized package path(s) for 1 prioritized culture(s) in 0.052280 seconds
[2020.03.02-11.57.01:051][  0]LogUObjectArray: 46750 objects as part of root set at end of initial load.
[2020.03.02-11.57.01:051][  0]LogUObjectAllocator: 8137160 out of 0 bytes used by permanent object pool.
[2020.03.02-11.57.01:051][  0]LogUObjectArray: CloseDisregardForGC: 0/0 objects in disregard for GC pool
[2020.03.02-11.57.01:773][  0]LogTcpMessaging: Initializing TcpMessaging bridge
[2020.03.02-11.57.01:776][  0]LogUdpMessaging: Initializing bridge on interface 0.0.0.0:0 to multicast group 230.0.0.1:6666.
[2020.03.02-11.57.01:865][  0]SourceControl: Source control is disabled
[2020.03.02-11.57.01:866][  0]SourceControl: Source control is disabled
[2020.03.02-11.57.01:867][  0]SourceControl: Source control is disabled
[2020.03.02-11.57.01:867][  0]SourceControl: Source control is disabled
[2020.03.02-11.57.01:868][  0]SourceControl: Source control is disabled
[2020.03.02-11.57.01:971][  0]LogAndroidPermission: UAndroidPermissionCallbackProxy::GetInstance
[2020.03.02-11.57.01:984][  0]LogAudioCaptureCore: Display: No Audio Capture implementations found. Audio input will be silent.
[2020.03.02-11.57.01:984][  0]LogAudioCaptureCore: Display: No Audio Capture implementations found. Audio input will be silent.
[2020.03.02-11.57.02:143][  0]LogOcInput: OculusInput pre-init called
[2020.03.02-11.57.02:149][  0]LogWindows: Failed to load 'OVRPlugin.dll' (GetLastError=126)
[2020.03.02-11.57.02:149][  0]LogWindows: File 'OVRPlugin.dll' does not exist
[2020.03.02-11.57.02:268][  0]LogEngine: Initializing Engine...
[2020.03.02-11.57.02:269][  0]LogHMD: Failed to initialize OpenVR with code 110
[2020.03.02-11.57.02:270][  0]LogStats: UGameplayTagsManager::InitializeManager -  0.000 s
[2020.03.02-11.57.02:859][  0]LogInit: Initializing FReadOnlyCVARCache
[2020.03.02-11.57.02:865][  0]LogAIModule: Creating AISystem for world Untitled
[2020.03.02-11.57.02:868][  0]LogAudioMixer: Display: Audio Mixer Platform Settings:
[2020.03.02-11.57.02:868][  0]LogAudioMixer: Display: 	Sample Rate:						  48000
[2020.03.02-11.57.02:868][  0]LogAudioMixer: Display: 	Callback Buffer Frame Size Requested: 1024
[2020.03.02-11.57.02:868][  0]LogAudioMixer: Display: 	Callback Buffer Frame Size To Use:	  1024
[2020.03.02-11.57.02:868][  0]LogAudioMixer: Display: 	Number of buffers to queue:			  2
[2020.03.02-11.57.02:868][  0]LogAudioMixer: Display: 	Max Channels (voices):				  32
[2020.03.02-11.57.02:868][  0]LogAudioMixer: Display: 	Number of Async Source Workers:		  0
[2020.03.02-11.57.02:868][  0]LogAudio: Display: AudioDevice MaxSources: 32
[2020.03.02-11.57.02:869][  0]LogAudio: Display: Using built-in audio occlusion.
[2020.03.02-11.57.02:869][  0]LogAudioMixer: Display: Initializing audio mixer.
[2020.03.02-11.57.02:901][  0]LogAudioMixer: Display: Audio Device Output Speaker Info:
[2020.03.02-11.57.02:901][  0]LogAudioMixer: Display: Name: Headphones (High Definition Audio Device)
[2020.03.02-11.57.02:901][  0]LogAudioMixer: Display: Is Default: Yes
[2020.03.02-11.57.02:901][  0]LogAudioMixer: Display: Sample Rate: 48000
[2020.03.02-11.57.02:901][  0]LogAudioMixer: Display: Channel Count Used: 2
[2020.03.02-11.57.02:901][  0]LogAudioMixer: Display: Device Channel Count: 2
[2020.03.02-11.57.02:901][  0]LogAudioMixer: Display: Channel Order:
[2020.03.02-11.57.02:901][  0]LogAudioMixer: Display: 0: FrontLeft
[2020.03.02-11.57.02:901][  0]LogAudioMixer: Display: 1: FrontRight
[2020.03.02-11.57.02:920][  0]LogAudioMixer: Display: Using Audio Device Headphones (High Definition Audio Device)
[2020.03.02-11.57.02:923][  0]LogInit: FAudioDevice initialized.
[2020.03.02-11.57.02:924][  0]LogNetVersion: Set ProjectVersion to 1.0.0.0. Version Checksum will be recalculated on next use.
[2020.03.02-11.57.03:012][  0]LogDerivedDataCache: Saved boot cache 0.09s 78MB C:/Users/Daniel.Nikocevic/AppData/Local/UnrealEngine/4.24/DerivedDataCache/Boot.ddc.
[2020.03.02-11.57.03:018][  0]LogInit: Texture streaming: Enabled
[2020.03.02-11.57.03:028][  0]LogEngineSessionManager: EngineSessionManager initialized
[2020.03.02-11.57.03:028][  0]LogEditorSessionSummary: Verbose: Initializing EditorSessionSummaryWriter for editor session tracking
[2020.03.02-11.57.03:031][  0]LogEditorSessionSummary: EditorSessionSummaryWriter initialized
[2020.03.02-11.57.03:111][  0]LogInit: Transaction tracking system initialized
[2020.03.02-11.57.03:123][  0]BlueprintLog: New page: Editor Load
[2020.03.02-11.57.03:169][  0]LocalizationService: Localization service is disabled
[2020.03.02-11.57.03:717][  0]LogFileCache: Scanning file cache for directory 'C:/Users/Daniel.Nikocevic/Desktop/TjillevippenTheory1.2/Content/' took 0.01s
[2020.03.02-11.57.03:717][  0]LogCook: Display: Max memory allowance for cook 16384mb min free memory 0mb
[2020.03.02-11.57.03:717][  0]LogCook: Display: Mobile HDR setting 1
[2020.03.02-11.57.04:576][  0]SourceControl: Source control is disabled
[2020.03.02-11.57.04:576][  0]Cmd: MAP LOAD FILE="../../../../../../Users/Daniel.Nikocevic/Desktop/TjillevippenTheory1.2/Content/FirstPersonBP/Maps/FirstPersonExampleMap.umap" TEMPLATE=0 SHOWPROGRESS=1 FEATURELEVEL=3
[2020.03.02-11.57.04:581][  0]LightingResults: New page: Lighting Build
[2020.03.02-11.57.04:582][  0]LogWorld: UWorld::CleanupWorld for Untitled, bSessionEnded=true, bCleanupResources=true
[2020.03.02-11.57.04:582][  0]LogSlate: InvalidateAllWidgets triggered.  All widgets were invalidated
[2020.03.02-11.57.04:582][  0]MapCheck: New page: Map Check
[2020.03.02-11.57.04:582][  0]LightingResults: New page: Lighting Build
[2020.03.02-11.57.04:608][  0]LogUObjectHash: Compacting FUObjectHashTables data took   1.91ms
[2020.03.02-11.57.05:275][  0]LogAIModule: Creating AISystem for world FirstPersonExampleMap
[2020.03.02-11.57.05:290][  0]LogEditorServer: Finished looking for orphan Actors (0.000 secs)
[2020.03.02-11.57.05:317][  0]LogUObjectHash: Compacting FUObjectHashTables data took   2.45ms
[2020.03.02-11.57.05:317][  0]Cmd: MAP CHECKDEP NOCLEARLOG
[2020.03.02-11.57.05:317][  0]MapCheck: Map check complete: 0 Error(s), 0 Warning(s), took 0,144ms to complete.
[2020.03.02-11.57.05:317][  0]LogFileHelpers: Loading map 'FirstPersonExampleMap' took 0.741
[2020.03.02-11.57.05:503][  0]LogSlate: Updating window title bar state: overlay mode, drag disabled, window buttons hidden, title bar hidden
[2020.03.02-11.57.05:511][  0]LogSlate: Updating window title bar state: overlay mode, drag disabled, window buttons hidden, title bar hidden
[2020.03.02-11.57.05:520][  0]LogSlate: Updating window title bar state: overlay mode, drag disabled, window buttons hidden, title bar hidden
[2020.03.02-11.57.05:529][  0]LogSlate: Updating window title bar state: overlay mode, drag disabled, window buttons hidden, title bar hidden
[2020.03.02-11.57.05:539][  0]LogCollectionManager: Loaded 0 collections in 0.002368 seconds
[2020.03.02-11.57.05:551][  0]LogFileCache: Scanning file cache for directory 'C:/Users/Daniel.Nikocevic/Desktop/TjillevippenTheory1.2/Saved/Collections/' took 0.00s
[2020.03.02-11.57.05:551][  0]LogFileCache: Scanning file cache for directory 'C:/Users/Daniel.Nikocevic/Desktop/TjillevippenTheory1.2/Content/Developers/DanielNikocevic/Collections/' took 0.00s
[2020.03.02-11.57.05:551][  0]LogFileCache: Scanning file cache for directory 'C:/Users/Daniel.Nikocevic/Desktop/TjillevippenTheory1.2/Content/Collections/' took 0.00s
[2020.03.02-11.57.05:551][  0]LogContentBrowser: Native class hierarchy populated in 0.0077 seconds. Added 3015 classes and 717 folders.
[2020.03.02-11.57.05:553][  0]LogContentBrowser: Native class hierarchy updated for 'WidgetCarousel' in 0.0002 seconds. Added 0 classes and 0 folders.
[2020.03.02-11.57.05:860][  0]LogContentBrowser: Native class hierarchy updated for 'AddContentDialog' in 0.0003 seconds. Added 0 classes and 0 folders.
[2020.03.02-11.57.05:863][  0]LogContentBrowser: Native class hierarchy updated for 'SceneOutliner' in 0.0003 seconds. Added 2 classes and 3 folders.
[2020.03.02-11.57.05:958][  0]LogSlate: Took 0.005406 seconds to synchronously load lazily loaded font '../../../Engine/Content/Slate/Fonts/Roboto-Regular.ttf' (155K)
[2020.03.02-11.57.05:964][  0]LogSlate: Took 0.004203 seconds to synchronously load lazily loaded font '../../../Engine/Content/Slate/Fonts/Roboto-Bold.ttf' (160K)
[2020.03.02-11.57.05:975][  0]LogSlate: Took 0.006576 seconds to synchronously load lazily loaded font '../../../Engine/Content/Editor/Slate/Fonts/FontAwesome.ttf' (139K)
[2020.03.02-11.57.06:119][  0]LogRenderer: Reallocating scene render targets to support 1164x464 Format 10 NumSamples 1 (Frame:1).
[2020.03.02-11.57.06:230][  0]LogContentBrowser: Native class hierarchy updated for 'HierarchicalLODOutliner' in 0.0002 seconds. Added 0 classes and 0 folders.
[2020.03.02-11.57.06:230][  0]LogLoad: (Engine Initialization) Total time: 19.37 seconds
[2020.03.02-11.57.06:230][  0]LogLoad: (Engine Initialization) Total Blueprint compile time: 0.00 seconds
[2020.03.02-11.57.06:295][  0]LogContentStreaming: Texture pool size now 1000 MB
[2020.03.02-11.57.07:012][ 12]LogAssetRegistry: Asset discovery search completed in 9.5021 seconds
[2020.03.02-11.57.07:016][ 12]LogCollectionManager: Fixed up redirectors for 0 collections in 0.000010 seconds (updated 0 objects)
[2020.03.02-11.57.10:345][ 22]LogSlate: Took 0.004740 seconds to synchronously load lazily loaded font '../../../Engine/Content/Slate/Fonts/Roboto-Light.ttf' (167K)
[2020.03.02-11.57.25:698][184]LogSlate: Took 0.000126 seconds to synchronously load lazily loaded font '../../../Engine/Content/Slate/Fonts/Roboto-Light.ttf' (167K)
[2020.03.02-11.57.26:725][184]LogAIModule: Creating AISystem for world DockHus
[2020.03.02-11.57.26:753][184]LogAssetEditorSubsystem: Opening Asset editor for World /Game/Daniel_Dockhus/DockHus.DockHus
[2020.03.02-11.57.26:773][184]LogUObjectHash: Compacting FUObjectHashTables data took   2.29ms
[2020.03.02-11.57.26:775][184]Cmd: MAP LOAD FILE="../../../../../../Users/Daniel.Nikocevic/Desktop/TjillevippenTheory1.2/Content/Daniel_Dockhus/DockHus.umap" TEMPLATE=0 SHOWPROGRESS=1 FEATURELEVEL=3
[2020.03.02-11.57.26:775][184]LightingResults: New page: Lighting Build
[2020.03.02-11.57.26:775][184]LoadErrors: New page: Loading map: DockHus.umap
[2020.03.02-11.57.26:776][184]LogWorld: UWorld::CleanupWorld for FirstPersonExampleMap, bSessionEnded=true, bCleanupResources=true
[2020.03.02-11.57.26:776][184]LogSlate: InvalidateAllWidgets triggered.  All widgets were invalidated
[2020.03.02-11.57.26:776][184]MapCheck: New page: Map Check
[2020.03.02-11.57.26:776][184]LightingResults: New page: Lighting Build
[2020.03.02-11.57.26:802][184]LogUObjectHash: Compacting FUObjectHashTables data took   1.94ms
[2020.03.02-11.57.26:811][184]LogEditorServer: Finished looking for orphan Actors (0.000 secs)
[2020.03.02-11.57.26:836][184]LogUObjectHash: Compacting FUObjectHashTables data took   1.71ms
[2020.03.02-11.57.26:859][184]Cmd: MAP CHECKDEP NOCLEARLOG
[2020.03.02-11.57.26:859][184]MapCheck: Map check complete: 0 Error(s), 0 Warning(s), took 0,125ms to complete.
[2020.03.02-11.57.26:860][184]LogFileHelpers: Loading map 'DockHus' took 0.086
[2020.03.02-11.57.27:982][255]LogSlate: Window 'Message Log' being destroyed
[2020.03.02-11.57.27:985][255]LogSlate: Window 'Message Log' being destroyed
[2020.03.02-11.57.53:818][432]LogStaticMesh: Building static mesh SM_Paint_6...
[2020.03.02-11.57.53:835][432]LogStaticMesh: Built static mesh [0.02s] /Game/Isometric-Interiors/Meshes/SM_Paint_6.SM_Paint_6
[2020.03.02-11.57.53:917][436]LogActorFactory: Actor Factory created SM_Paint_6
[2020.03.02-11.57.54:404][488]LogActorFactory: Actor Factory created SM_Paint_6
[2020.03.02-11.58.10:222][ 95]LogEditorViewport: Clicking on Actor (context menu): StaticMeshActor (SM_Floor_4B5)
[2020.03.02-11.58.12:135][279]LogEditorViewport: Clicking Background
[2020.03.02-11.58.33:551][163]LogActorFactory: Actor Factory created SM_Drawer_1A
[2020.03.02-11.58.34:005][209]LogActorFactory: Actor Factory created SM_Drawer_1A
[2020.03.02-11.58.51:550][669]LogActorFactory: Actor Factory created SM_Pot_Flower_1
[2020.03.02-11.58.52:434][751]LogActorFactory: Actor Factory created SM_Pot_Flower_1
[2020.03.02-11.59.01:826][541]LogStaticMesh: Building static mesh SM_Pot_Flower_2...
[2020.03.02-11.59.01:882][541]LogStaticMesh: Built static mesh [0.06s] /Game/Isometric-Interiors/Meshes/SM_Pot_Flower_2.SM_Pot_Flower_2
[2020.03.02-11.59.01:916][542]LogActorFactory: Actor Factory created SM_Pot_Flower_2
[2020.03.02-11.59.02:737][611]LogActorFactory: Actor Factory created SM_Pot_Flower_2
[2020.03.02-11.59.11:965][510]LogEditorViewport: Clicking on Actor (LMB): StaticMeshActor (Cube40)
[2020.03.02-11.59.19:547][140]LogEditorViewport: Clicking Background
[2020.03.02-11.59.27:562][844]LogActorFactory: Actor Factory created SM_Shelves_1B
[2020.03.02-11.59.28:254][920]LogActorFactory: Actor Factory created SM_Shelves_1B
[2020.03.02-11.59.49:112][857]LogActorFactory: Actor Factory created SM_Floor_1B
[2020.03.02-11.59.49:996][942]LogActorFactory: Actor Factory created SM_Floor_1B
[2020.03.02-11.59.50:625][988]Cmd: DELETE
[2020.03.02-11.59.50:625][988]Cmd: ACTOR DELETE
[2020.03.02-11.59.50:632][988]LogEditorActor: Deleted Actor: StaticMeshActor
[2020.03.02-11.59.50:657][988]LogUObjectHash: Compacting FUObjectHashTables data took   1.82ms
[2020.03.02-11.59.50:658][988]LogEditorActor: Deleted 1 Actors (0.033 secs)
[2020.03.02-12.00.00:301][456]LogStaticMesh: Building static mesh SM_Carpet_3B...
[2020.03.02-12.00.00:330][456]LogStaticMesh: Built static mesh [0.03s] /Game/Isometric-Interiors/Meshes/SM_Carpet_3B.SM_Carpet_3B
[2020.03.02-12.00.00:457][457]LogActorFactory: Actor Factory created SM_Carpet_3B
[2020.03.02-12.00.01:894][609]LogActorFactory: Actor Factory created SM_Carpet_3B
[2020.03.02-12.00.02:717][685]Cmd: DELETE
[2020.03.02-12.00.02:717][685]Cmd: ACTOR DELETE
[2020.03.02-12.00.02:723][685]LogEditorActor: Deleted Actor: StaticMeshActor
[2020.03.02-12.00.02:746][685]LogUObjectHash: Compacting FUObjectHashTables data took   1.38ms
[2020.03.02-12.00.02:747][685]LogEditorActor: Deleted 1 Actors (0.030 secs)
[2020.03.02-12.00.03:494][732]LogActorFactory: Actor Factory created SM_Carpet_3A
[2020.03.02-12.00.03:887][773]LogActorFactory: Actor Factory created SM_Carpet_3A
[2020.03.02-12.00.06:348][947]Cmd: DELETE
[2020.03.02-12.00.06:348][947]Cmd: ACTOR DELETE
[2020.03.02-12.00.06:354][947]LogEditorActor: Deleted Actor: StaticMeshActor
[2020.03.02-12.00.06:377][947]LogUObjectHash: Compacting FUObjectHashTables data took   1.67ms
[2020.03.02-12.00.06:378][947]LogEditorActor: Deleted 1 Actors (0.030 secs)
[2020.03.02-12.00.06:594][962]LogStaticMesh: Building static mesh SM_Carpet_2A...
[2020.03.02-12.00.06:624][962]LogStaticMesh: Built static mesh [0.03s] /Game/Isometric-Interiors/Meshes/SM_Carpet_2A.SM_Carpet_2A
[2020.03.02-12.00.06:697][966]LogActorFactory: Actor Factory created SM_Carpet_2A
[2020.03.02-12.00.07:075][999]LogActorFactory: Actor Factory created SM_Carpet_2A
[2020.03.02-12.00.08:441][122]Cmd: DELETE
[2020.03.02-12.00.08:441][122]Cmd: ACTOR DELETE
[2020.03.02-12.00.08:447][122]LogEditorActor: Deleted Actor: StaticMeshActor
[2020.03.02-12.00.08:470][122]LogUObjectHash: Compacting FUObjectHashTables data took   1.45ms
[2020.03.02-12.00.08:472][122]LogEditorActor: Deleted 1 Actors (0.031 secs)
[2020.03.02-12.00.08:820][147]LogStaticMesh: Building static mesh SM_Carpet_2B...
[2020.03.02-12.00.08:840][147]LogStaticMesh: Built static mesh [0.02s] /Game/Isometric-Interiors/Meshes/SM_Carpet_2B.SM_Carpet_2B
[2020.03.02-12.00.08:900][152]LogActorFactory: Actor Factory created SM_Carpet_2B
[2020.03.02-12.00.09:376][202]LogActorFactory: Actor Factory created SM_Carpet_2B
[2020.03.02-12.00.09:481][208]Cmd: DELETE
[2020.03.02-12.00.09:481][208]Cmd: ACTOR DELETE
[2020.03.02-12.00.09:487][208]LogEditorActor: Deleted Actor: StaticMeshActor
[2020.03.02-12.00.09:510][208]LogUObjectHash: Compacting FUObjectHashTables data took   1.36ms
[2020.03.02-12.00.09:511][208]LogEditorActor: Deleted 1 Actors (0.030 secs)
[2020.03.02-12.00.10:060][243]LogActorFactory: Actor Factory created SM_Carpet_3A
[2020.03.02-12.00.10:378][274]LogActorFactory: Actor Factory created SM_Carpet_3A
[2020.03.02-12.00.28:896][836]LogEditorViewport: Clicking Background
[2020.03.02-12.00.35:518][371]LogEditorViewport: Clicking on Actor (LMB): StaticMeshActor (SM_Carpet_3A2)
[2020.03.02-12.00.46:883][472]LogEditorViewport: Clicking on Actor (LMB): StaticMeshActor (SM_Floor_3B12)
[2020.03.02-12.00.51:330][887]LogEditorViewport: Clicking on Actor (LMB): StaticMeshActor (SM_Drawer_1B2)
[2020.03.02-12.00.53:489][ 55]LogEditorViewport: Clicking on Actor (CTRL LMB): StaticMeshActor (SM_Pot_Flower_2)
[2020.03.02-12.00.56:616][330]LogEditorViewport: Clicking on Actor (LMB): StaticMeshActor (SM_Carpet_3A2)
[2020.03.02-12.00.59:183][500]LogEditorViewport: Clicking on Actor (LMB): StaticMeshActor (SM_Carpet_3A3)
[2020.03.02-12.01.07:638][235]LogEditorViewport: Clicking Background
[2020.03.02-12.01.15:101][805]LogEditorViewport: Clicking on Actor (LMB): StaticMeshActor (SM_Shelves_1B)
[2020.03.02-12.01.28:985][ 44]LogEditorViewport: Clicking Background
[2020.03.02-12.01.37:622][694]LogActorFactory: Actor Factory created SM_Carpet_1B
[2020.03.02-12.01.38:079][732]LogActorFactory: Actor Factory created SM_Carpet_1B
[2020.03.02-12.01.52:305][995]LogEditorViewport: Clicking Background
[2020.03.02-12.02.17:695][  7]LogEditorViewport: Clicking on Actor (LMB): StaticMeshActor (SM_Floor_3B12)
[2020.03.02-12.02.31:416][111]LogEditorViewport: Clicking Background
[2020.03.02-12.02.35:990][511]LogEditorViewport: Clicking on Actor (LMB): StaticMeshActor (SM_Floor_3B21)
[2020.03.02-12.02.45:159][295]LogEditorViewport: Clicking on Actor (LMB): StaticMeshActor (SM_Computer_2)
[2020.03.02-12.02.46:208][393]LogEditorViewport: Clicking on Actor (LMB): StaticMeshActor (SM_Floor_3B20)
[2020.03.02-12.02.53:571][196]LogEditorViewport: Clicking Background
[2020.03.02-12.02.55:263][379]LogEditorViewport: Clicking on Actor (LMB): StaticMeshActor (SM_Floor_3B21)
[2020.03.02-12.02.58:970][725]LogEditorViewport: Clicking Background
[2020.03.02-12.03.03:663][247]LogEditorViewport: Clicking on Actor (LMB): StaticMeshActor (SM_Floor_3B21)
[2020.03.02-12.03.17:174][646]LogEditorViewport: Clicking on Actor (LMB): StaticMeshActor (SM_Floor_3B4)
[2020.03.02-12.03.22:687][255]LogEditorViewport: Clicking on Actor (LMB): StaticMeshActor (SM_Floor_3B20)
[2020.03.02-12.03.26:417][671]LogEditorViewport: Clicking Background
[2020.03.02-12.03.36:323][712]LogEditorViewport: Clicking on Actor (LMB): StaticMeshActor (SM_Floor_3B12)
[2020.03.02-12.03.46:934][784]LogEditorViewport: Clicking Background
[2020.03.02-12.03.52:950][432]LogEditorViewport: Clicking on Actor (LMB): StaticMeshActor (SM_Floor_3B12)
[2020.03.02-12.03.58:996][102]LogEditorViewport: Clicking Background
[2020.03.02-12.04.01:544][372]LogEditorViewport: Clicking on Actor (LMB): StaticMeshActor (SM_Floor_3B12)
[2020.03.02-12.04.14:016][ 54]LogEditorViewport: Clicking Background
[2020.03.02-12.04.17:278][405]LogEditorViewport: Clicking on Actor (LMB): StaticMeshActor (SM_Floor_4B4)
[2020.03.02-12.04.26:161][363]LogEditorViewport: Clicking on Actor (LMB): StaticMeshActor (SM_Floor_4B5)
[2020.03.02-12.04.32:478][ 42]LogEditorViewport: Clicking Background
[2020.03.02-12.04.34:528][275]LogEditorViewport: Clicking on Actor (LMB): StaticMeshActor (Cube40)
[2020.03.02-12.04.40:305][893]LogEditorViewport: Clicking on Actor (LMB): StaticMeshActor (SM_Floor_3B15)
[2020.03.02-12.04.44:239][304]LogEditorViewport: Clicking on Actor (LMB): StaticMeshActor (SM_WardRobe_1A)
[2020.03.02-12.04.47:261][588]LogEditorViewport: Clicking Background
[2020.03.02-12.04.58:031][769]LogEditorViewport: Clicking on Actor (LMB): StaticMeshActor (Cube)
[2020.03.02-12.05.07:336][637]LogActorFactory: Actor Factory created SM_Floor_1A
[2020.03.02-12.05.07:783][683]LogActorFactory: Actor Factory created SM_Floor_1A
[2020.03.02-12.05.25:597][640]LogEditorViewport: Clicking Background
[2020.03.02-12.05.26:816][779]LogEditorViewport: Clicking on Actor (LMB): StaticMeshActor (SM_Floor_1A)
[2020.03.02-12.05.29:954][116]LogEditorViewport: Clicking Background
[2020.03.02-12.05.39:077][ 95]LogEditorViewport: Clicking on Actor (LMB): StaticMeshActor (SM_Wall_1_4)
[2020.03.02-12.05.40:962][270]LogEditorViewport: Clicking Background
[2020.03.02-12.05.41:853][366]LogEditorViewport: Clicking on Actor (LMB): StaticMeshActor (SM_Wall_1_4)
[2020.03.02-12.05.48:543][112]LogEditorViewport: Clicking Background
[2020.03.02-12.05.51:185][401]LogEditorViewport: Clicking on Actor (LMB): StaticMeshActor (SM_Wall_1_4)
[2020.03.02-12.05.58:361][182]LogEditorViewport: Clicking Background
[2020.03.02-12.06.00:121][382]LogEditorViewport: Clicking on Actor (LMB): StaticMeshActor (SM_Wall_1_4)
[2020.03.02-12.06.02:151][579]LogEditorViewport: Clicking Background
[2020.03.02-12.06.05:450][925]LogEditorViewport: Clicking on Actor (LMB): StaticMeshActor (SM_Wall_1_4)
[2020.03.02-12.06.10:341][396]LogEditorViewport: Clicking Background
[2020.03.02-12.07.15:258][840]LogStaticMesh: Building static mesh SM_Shelves_1A...
[2020.03.02-12.07.15:275][840]LogStaticMesh: Built static mesh [0.02s] /Game/Isometric-Interiors/Meshes/SM_Shelves_1A.SM_Shelves_1A
[2020.03.02-12.07.15:383][847]LogActorFactory: Actor Factory created SM_Shelves_1A
[2020.03.02-12.07.15:910][901]LogActorFactory: Actor Factory created SM_Shelves_1A
[2020.03.02-12.07.41:106][332]LogEditorViewport: Clicking Background
[2020.03.02-12.07.52:290][262]LogEditorViewport: Clicking on Actor (LMB): StaticMeshActor (Cube29)
[2020.03.02-12.07.56:698][655]Cmd: TRANSACTION UNDO
[2020.03.02-12.07.56:698][655]LogEditorTransaction: Undo Move Actors
[2020.03.02-12.08.05:047][287]LogEditorViewport: Clicking Background
[2020.03.02-12.08.18:598][439]LogEditorViewport: Clicking on Actor (LMB): StaticMeshActor (Cube25)
[2020.03.02-12.08.22:466][770]LogEditorViewport: Clicking Background
[2020.03.02-12.08.39:071][ 16]LogActorFactory: Actor Factory created SM_Couch_3A
[2020.03.02-12.08.39:666][ 74]LogActorFactory: Actor Factory created SM_Couch_3A
[2020.03.02-12.08.49:114][756]Cmd: TRANSACTION UNDO
[2020.03.02-12.08.49:114][756]LogEditorTransaction: Undo Set Scale
[2020.03.02-12.08.57:752][422]LogEditorViewport: Clicking Background
[2020.03.02-12.09.03:913][853]LogEditorViewport: Clicking on Actor (LMB): StaticMeshActor (SM_TV_1A)
[2020.03.02-12.09.04:282][874]Cmd: DELETE
[2020.03.02-12.09.04:282][874]Cmd: ACTOR DELETE
[2020.03.02-12.09.04:288][874]LogEditorActor: Deleted Actor: StaticMeshActor
[2020.03.02-12.09.04:314][874]LogUObjectHash: Compacting FUObjectHashTables data took   1.90ms
[2020.03.02-12.09.04:316][874]LogEditorActor: Deleted 1 Actors (0.034 secs)
[2020.03.02-12.09.18:255][934]LogStaticMesh: Building static mesh SM_TV_1B...
[2020.03.02-12.09.18:282][934]LogStaticMesh: Built static mesh [0.03s] /Game/Isometric-Interiors/Meshes/SM_TV_1B.SM_TV_1B
[2020.03.02-12.09.18:396][941]LogActorFactory: Actor Factory created SM_TV_1B
[2020.03.02-12.09.18:950][  1]LogActorFactory: Actor Factory created SM_TV_1B
[2020.03.02-12.09.28:385][903]LogEditorViewport: Clicking on Actor (LMB): StaticMeshActor (SM_Shelves_2A)
[2020.03.02-12.09.33:833][505]LogEditorViewport: Clicking on Actor (LMB): StaticMeshActor (SM_TV_1B)
[2020.03.02-12.09.37:658][887]LogEditorViewport: Clicking Background
[2020.03.02-12.10.16:968][633]LogEditorViewport: Clicking on Actor (LMB): BP_DockHusHiss_C (BP_DockHusHiss)
[2020.03.02-12.10.19:225][754]LogEditorViewport: Clicking on Actor (LMB): BP_ActivateBox_C (BP_ActivateBox)
[2020.03.02-12.10.20:558][831]LogEditorViewport: Clicking on Actor (LMB): BP_DockHusHiss_C (BP_DockHusHiss)
[2020.03.02-12.10.27:233][227]LogEditorViewport: Clicking on Actor (LMB): BP_ActivateBox_C (BP_ActivateBox)
[2020.03.02-12.10.46:263][482]LogEditorViewport: Clicking on Actor (LMB): BP_DockHusHiss_C (BP_DockHusHiss)
[2020.03.02-12.11.46:022][671]LogEditorViewport: Clicking on Actor (LMB): BP_DockHusHiss_C (BP_DockHusHiss)
[2020.03.02-12.12.12:671][720]LogUObjectHash: Compacting FUObjectHashTables data took   1.92ms
[2020.03.02-12.12.12:715][720]LogUObjectHash: Compacting FUObjectHashTables data took   0.68ms
[2020.03.02-12.12.12:801][720]LogSavePackage: Moving '../../../../../../Users/Daniel.Nikocevic/Desktop/TjillevippenTheory1.2/Saved/DockHus3E307E0D48C35AFFDA3297A982E57AD3.tmp' to '../../../../../../Users/Daniel.Nikocevic/Desktop/TjillevippenTheory1.2/Content/Daniel_Dockhus/DockHus.umap'
[2020.03.02-12.12.12:837][720]LogFileHelpers: Saving map 'DockHus' took 0.151
[2020.03.02-12.12.12:851][720]AssetCheck: New page: Asset Save: DockHus
[2020.03.02-12.12.12:851][720]LogContentValidation: Display: Validating World /Game/Daniel_Dockhus/DockHus.DockHus
[2020.03.02-12.12.33:894][945]LogEditorViewport: Clicking Background
[2020.03.02-12.13.14:421][168]LogEditorViewport: Clicking Background
[2020.03.02-12.13.16:015][284]LogEditorViewport: Clicking Background
[2020.03.02-12.13.32:234][686]LogWindows: Warning: CreateProc failed: The system cannot find the file specified. (0x00000002)
[2020.03.02-12.13.32:234][686]LogWindows: Warning: URL: C:/Program Files/Git/bin/git.exe version
[2020.03.02-12.13.32:234][686]LogWindows: Warning: CreateProc failed: The system cannot find the file specified. (0x00000002)
[2020.03.02-12.13.32:234][686]LogWindows: Warning: URL: C:/Program Files (x86)/Git/bin/git.exe version
[2020.03.02-12.13.32:234][686]LogWindows: Warning: CreateProc failed: The system cannot find the file specified. (0x00000002)
[2020.03.02-12.13.32:234][686]LogWindows: Warning: URL: C:\Users\Daniel.Nikocevic\AppData\Local/Programs/Git/cmd/git.exe version
[2020.03.02-12.13.32:234][686]LogWindows: Warning: CreateProc failed: The system cannot find the file specified. (0x00000002)
[2020.03.02-12.13.32:234][686]LogWindows: Warning: URL: C:/Program Files (x86)/SmartGit/git/bin/git.exe version
[2020.03.02-12.13.32:234][686]LogWindows: Warning: CreateProc failed: The system cannot find the file specified. (0x00000002)
[2020.03.02-12.13.32:234][686]LogWindows: Warning: URL: C:/Program Files (x86)/SmartGit/bin/git.exe version
[2020.03.02-12.13.32:235][686]LogWindows: Warning: CreateProc failed: The system cannot find the file specified. (0x00000002)
[2020.03.02-12.13.32:235][686]LogWindows: Warning: URL: C:\Users\Daniel.Nikocevic\AppData\Local/Atlassian/SourceTree/git_local/bin/git.exe version
[2020.03.02-12.13.32:235][686]LogWindows: Warning: CreateProc failed: The system cannot find the file specified. (0x00000002)
[2020.03.02-12.13.32:235][686]LogWindows: Warning: URL: C:/Program Files (x86)/fournova/Tower/vendor/Git/bin/git.exe version
[2020.03.02-12.13.33:074][743]SourceControl: Error: Failed to enable Git source control. You need to install Git and specify a valid path to git executable.
[2020.03.02-12.13.39:842][144]SourceControl: Source control is disabled
[2020.03.02-12.13.39:842][144]LogSlate: Window 'Source Control Login' being destroyed
[2020.03.02-12.13.46:782][665]LogWindows: Warning: CreateProc failed: The system cannot find the file specified. (0x00000002)
[2020.03.02-12.13.46:782][665]LogWindows: Warning: URL: C:/Program Files/Git/bin/git.exe version
[2020.03.02-12.13.46:782][665]LogWindows: Warning: CreateProc failed: The system cannot find the file specified. (0x00000002)
[2020.03.02-12.13.46:782][665]LogWindows: Warning: URL: C:/Program Files (x86)/Git/bin/git.exe version
[2020.03.02-12.13.46:782][665]LogWindows: Warning: CreateProc failed: The system cannot find the file specified. (0x00000002)
[2020.03.02-12.13.46:782][665]LogWindows: Warning: URL: C:\Users\Daniel.Nikocevic\AppData\Local/Programs/Git/cmd/git.exe version
[2020.03.02-12.13.46:782][665]LogWindows: Warning: CreateProc failed: The system cannot find the file specified. (0x00000002)
[2020.03.02-12.13.46:782][665]LogWindows: Warning: URL: C:/Program Files (x86)/SmartGit/git/bin/git.exe version
[2020.03.02-12.13.46:782][665]LogWindows: Warning: CreateProc failed: The system cannot find the file specified. (0x00000002)
[2020.03.02-12.13.46:782][665]LogWindows: Warning: URL: C:/Program Files (x86)/SmartGit/bin/git.exe version
[2020.03.02-12.13.46:782][665]LogWindows: Warning: CreateProc failed: The system cannot find the file specified. (0x00000002)
[2020.03.02-12.13.46:782][665]LogWindows: Warning: URL: C:\Users\Daniel.Nikocevic\AppData\Local/Atlassian/SourceTree/git_local/bin/git.exe version
[2020.03.02-12.13.46:782][665]LogWindows: Warning: CreateProc failed: The system cannot find the file specified. (0x00000002)
[2020.03.02-12.13.46:782][665]LogWindows: Warning: URL: C:/Program Files (x86)/fournova/Tower/vendor/Git/bin/git.exe version
[2020.03.02-12.13.51:087][949]LogWindows: Warning: CreateProc failed: Access is denied. (0x00000005)
[2020.03.02-12.13.51:087][949]LogWindows: Warning: URL: C:/Program Files/Epic Games/UE_4.24/Engine/Binaries/Win64/ version
[2020.03.02-12.14.20:226][222]SourceControl: Source control is disabled
